2025-02-18 14:27:11 | INFO     | src.config:11 - PROJ_ROOT path is: /Users/aseemshrivastava/Documents/Coding/Project Repositories/germany_apartment_rent_prediction
2025-02-18 14:27:11 | INFO     | src.components.data_ingestion:50 - Data ingestion started...
2025-02-18 14:27:14 | SUCCESS  | src.components.data_ingestion:42 - Zipped data ingestion complete.
2025-02-18 14:27:14 | INFO     | src.components.data_splitter:179 - Splitting data using the selected strategy...
2025-02-18 14:27:14 | SUCCESS  | src.components.data_splitter:80 - Simple splitting of data complete
2025-02-18 14:27:14 | INFO     | src.components.data_transformation:33 - X_train and X_test dataframes transformation started...
2025-02-18 14:27:15 | INFO     | src.components.data_transformation:79 - Saved preprocessing object.
2025-02-18 14:27:15 | SUCCESS  | src.components.data_transformation:90 - X_train and X_test dataframes transformation complete
2025-02-18 14:27:15 | INFO     | src.components.model_trainer:59 - Selecting model based on cross_val_score...
2025-02-18 14:32:27 | INFO     | src.config:11 - PROJ_ROOT path is: /Users/aseemshrivastava/Documents/Coding/Project Repositories/germany_apartment_rent_prediction
2025-02-18 14:32:28 | INFO     | src.components.data_ingestion:50 - Data ingestion started...
2025-02-18 14:32:30 | SUCCESS  | src.components.data_ingestion:42 - Zipped data ingestion complete.
2025-02-18 14:32:30 | INFO     | src.components.data_splitter:179 - Splitting data using the selected strategy...
2025-02-18 14:32:30 | SUCCESS  | src.components.data_splitter:80 - Simple splitting of data complete
2025-02-18 14:32:30 | INFO     | src.components.data_transformation:33 - X_train and X_test dataframes transformation started...
2025-02-18 14:32:31 | INFO     | src.components.data_transformation:79 - Saved preprocessing object.
2025-02-18 14:32:31 | SUCCESS  | src.components.data_transformation:90 - X_train and X_test dataframes transformation complete
2025-02-18 14:32:31 | INFO     | src.components.model_trainer:59 - Selecting model based on cross_val_score...
2025-02-18 14:33:18 | INFO     | src.config:11 - PROJ_ROOT path is: /Users/aseemshrivastava/Documents/Coding/Project Repositories/germany_apartment_rent_prediction
2025-02-18 14:33:19 | INFO     | src.components.data_ingestion:50 - Data ingestion started...
2025-02-18 14:33:21 | SUCCESS  | src.components.data_ingestion:42 - Zipped data ingestion complete.
2025-02-18 14:33:21 | INFO     | src.components.data_splitter:179 - Splitting data using the selected strategy...
2025-02-18 14:33:21 | SUCCESS  | src.components.data_splitter:80 - Simple splitting of data complete
2025-02-18 14:33:21 | INFO     | src.components.data_transformation:33 - X_train and X_test dataframes transformation started...
2025-02-18 14:33:22 | INFO     | src.components.data_transformation:79 - Saved preprocessing object.
2025-02-18 14:33:22 | SUCCESS  | src.components.data_transformation:90 - X_train and X_test dataframes transformation complete
2025-02-18 14:33:22 | INFO     | src.components.model_trainer:59 - Selecting model based on cross_val_score...
2025-02-18 14:43:33 | INFO     | src.config:11 - PROJ_ROOT path is: /Users/aseemshrivastava/Documents/Coding/Project Repositories/germany_apartment_rent_prediction
2025-02-18 14:43:33 | INFO     | src.components.data_ingestion:50 - Data ingestion started...
2025-02-18 14:43:35 | SUCCESS  | src.components.data_ingestion:42 - Zipped data ingestion complete.
2025-02-18 14:43:35 | INFO     | src.components.data_splitter:181 - Splitting data using the selected strategy...
2025-02-18 14:43:36 | SUCCESS  | src.components.data_splitter:82 - Simple splitting of data complete
2025-02-18 14:43:36 | INFO     | src.components.data_transformation:33 - X_train and X_test dataframes transformation started...
2025-02-18 14:43:36 | INFO     | src.components.data_transformation:79 - Saved preprocessing object.
2025-02-18 14:43:36 | SUCCESS  | src.components.data_transformation:90 - X_train and X_test dataframes transformation complete
2025-02-18 14:43:36 | INFO     | src.components.model_trainer:59 - Selecting model based on cross_val_score...
2025-02-18 15:18:49 | INFO     | src.config:11 - PROJ_ROOT path is: /Users/aseemshrivastava/Documents/Coding/Project Repositories/germany_apartment_rent_prediction
2025-02-18 15:19:23 | INFO     | src.config:11 - PROJ_ROOT path is: /Users/aseemshrivastava/Documents/Coding/Project Repositories/germany_apartment_rent_prediction
2025-02-18 15:19:23 | INFO     | src.components.data_ingestion:50 - Data ingestion started...
2025-02-18 15:19:25 | SUCCESS  | src.components.data_ingestion:42 - Zipped data ingestion complete.
2025-02-18 15:19:25 | INFO     | src.components.data_splitter:181 - Splitting data using the selected strategy...
2025-02-18 15:19:26 | SUCCESS  | src.components.data_splitter:82 - Simple splitting of data complete
2025-02-18 15:19:26 | INFO     | src.components.data_transformation:33 - X_train and X_test dataframes transformation started...
2025-02-18 15:19:26 | INFO     | src.components.data_transformation:79 - Saved preprocessing object.
2025-02-18 15:19:26 | SUCCESS  | src.components.data_transformation:90 - X_train and X_test dataframes transformation complete
2025-02-18 15:19:26 | INFO     | src.components.model_trainer:59 - Selecting model based on cross_val_score...
2025-02-18 15:19:42 | SUCCESS  | src.components.model_trainer:96 - Model selection based on cross_val_score on training dataset completed
2025-02-18 15:19:42 | INFO     | src.components.model_trainer:101 - Hyperparameter tuning the XGBRegressor model...
2025-02-18 15:22:17 | INFO     | src.config:11 - PROJ_ROOT path is: /Users/aseemshrivastava/Documents/Coding/Project Repositories/germany_apartment_rent_prediction
2025-02-18 15:22:17 | INFO     | src.components.data_ingestion:50 - Data ingestion started...
2025-02-18 15:22:20 | SUCCESS  | src.components.data_ingestion:42 - Zipped data ingestion complete.
2025-02-18 15:22:20 | INFO     | src.components.data_splitter:181 - Splitting data using the selected strategy...
2025-02-18 15:22:20 | SUCCESS  | src.components.data_splitter:82 - Simple splitting of data complete
2025-02-18 15:22:20 | INFO     | src.components.data_transformation:33 - X_train and X_test dataframes transformation started...
2025-02-18 15:22:20 | INFO     | src.components.data_transformation:79 - Saved preprocessing object.
2025-02-18 15:22:20 | SUCCESS  | src.components.data_transformation:90 - X_train and X_test dataframes transformation complete
2025-02-18 15:22:20 | INFO     | src.components.model_trainer:59 - Selecting model based on cross_val_score...
2025-02-18 15:22:36 | SUCCESS  | src.components.model_trainer:96 - Model selection based on cross_val_score on training dataset completed
2025-02-18 15:22:36 | INFO     | src.components.model_trainer:101 - Hyperparameter tuning the XGBRegressor model...
2025-02-18 15:26:34 | SUCCESS  | src.components.model_trainer:184 - Hyperparameter-tuned XGBRegressor model saved
2025-02-18 16:32:21 | INFO     | src.config:11 - PROJ_ROOT path is: /Users/aseemshrivastava/Documents/Coding/Project Repositories/germany_apartment_rent_prediction
2025-02-18 16:33:13 | INFO     | src.components.data_ingestion:50 - Data ingestion started...
2025-02-18 16:33:16 | SUCCESS  | src.components.data_ingestion:42 - Zipped data ingestion complete.
2025-02-18 16:33:16 | INFO     | src.components.data_splitter:181 - Splitting data using the selected strategy...
2025-02-18 16:33:16 | SUCCESS  | src.components.data_splitter:82 - Simple splitting of data complete
2025-02-18 16:33:16 | INFO     | src.components.data_transformation:33 - X_train and X_test dataframes transformation started...
2025-02-18 16:33:16 | INFO     | src.components.data_transformation:79 - Saved preprocessing object.
2025-02-18 16:33:16 | SUCCESS  | src.components.data_transformation:90 - X_train and X_test dataframes transformation complete
2025-02-18 16:33:16 | INFO     | src.components.model_trainer:60 - Selecting model based on cross_val_score...
2025-02-18 16:44:29 | INFO     | src.config:11 - PROJ_ROOT path is: /Users/aseemshrivastava/Documents/Coding/Project Repositories/germany_apartment_rent_prediction
2025-02-18 16:44:30 | INFO     | src.components.data_ingestion:50 - Data ingestion started...
2025-02-18 16:44:33 | SUCCESS  | src.components.data_ingestion:42 - Zipped data ingestion complete.
2025-02-18 16:44:33 | INFO     | src.components.data_splitter:181 - Splitting data using the selected strategy...
2025-02-18 16:44:33 | SUCCESS  | src.components.data_splitter:82 - Simple splitting of data complete
2025-02-18 16:44:33 | INFO     | src.components.data_transformation:33 - X_train and X_test dataframes transformation started...
2025-02-18 16:44:34 | INFO     | src.components.data_transformation:79 - Saved preprocessing object.
2025-02-18 16:44:34 | SUCCESS  | src.components.data_transformation:90 - X_train and X_test dataframes transformation complete
2025-02-18 16:44:34 | INFO     | src.components.model_trainer:60 - Selecting model based on cross_val_score...
2025-02-18 16:45:37 | SUCCESS  | src.components.model_trainer:97 - Model selection based on cross_val_score on training dataset completed
2025-02-18 16:58:50 | INFO     | src.config:11 - PROJ_ROOT path is: /Users/aseemshrivastava/Documents/Coding/Project Repositories/germany_apartment_rent_prediction
2025-02-18 16:58:51 | INFO     | src.components.data_ingestion:50 - Data ingestion started...
2025-02-18 16:58:53 | SUCCESS  | src.components.data_ingestion:42 - Zipped data ingestion complete.
2025-02-18 16:58:53 | INFO     | src.components.data_splitter:181 - Splitting data using the selected strategy...
2025-02-18 16:58:54 | SUCCESS  | src.components.data_splitter:82 - Simple splitting of data complete
2025-02-18 16:58:54 | INFO     | src.components.data_transformation:33 - X_train and X_test dataframes transformation started...
2025-02-18 16:58:54 | INFO     | src.components.data_transformation:79 - Saved preprocessing object.
2025-02-18 16:58:54 | SUCCESS  | src.components.data_transformation:90 - X_train and X_test dataframes transformation complete
2025-02-18 16:58:54 | INFO     | src.components.model_trainer:60 - Selecting model based on cross_val_score...
2025-02-18 16:59:47 | SUCCESS  | src.components.model_trainer:103 - Model selection based on cross_val_score on training dataset completed
2025-02-18 17:03:57 | INFO     | src.config:11 - PROJ_ROOT path is: /Users/aseemshrivastava/Documents/Coding/Project Repositories/germany_apartment_rent_prediction
2025-02-18 17:03:58 | INFO     | src.components.data_ingestion:50 - Data ingestion started...
2025-02-18 17:04:00 | SUCCESS  | src.components.data_ingestion:42 - Zipped data ingestion complete.
2025-02-18 17:04:00 | INFO     | src.components.data_splitter:181 - Splitting data using the selected strategy...
2025-02-18 17:04:01 | SUCCESS  | src.components.data_splitter:82 - Simple splitting of data complete
2025-02-18 17:04:01 | INFO     | src.components.data_transformation:33 - X_train and X_test dataframes transformation started...
2025-02-18 17:04:01 | INFO     | src.components.data_transformation:79 - Saved preprocessing object.
2025-02-18 17:04:01 | SUCCESS  | src.components.data_transformation:90 - X_train and X_test dataframes transformation complete
2025-02-18 17:04:01 | INFO     | src.components.model_trainer:60 - Selecting model based on cross_val_score...
2025-02-18 17:04:53 | SUCCESS  | src.components.model_trainer:103 - Model selection based on cross_val_score on training dataset completed
2025-02-18 17:10:20 | INFO     | src.config:11 - PROJ_ROOT path is: /Users/aseemshrivastava/Documents/Coding/Project Repositories/germany_apartment_rent_prediction
2025-02-18 17:10:22 | INFO     | src.components.data_ingestion:50 - Data ingestion started...
2025-02-18 17:10:24 | SUCCESS  | src.components.data_ingestion:42 - Zipped data ingestion complete.
2025-02-18 17:10:24 | INFO     | src.components.data_splitter:181 - Splitting data using the selected strategy...
2025-02-18 17:10:24 | SUCCESS  | src.components.data_splitter:82 - Simple splitting of data complete
2025-02-18 17:10:24 | INFO     | src.components.data_transformation:33 - X_train and X_test dataframes transformation started...
2025-02-18 17:10:24 | INFO     | src.components.data_transformation:79 - Saved preprocessing object.
2025-02-18 17:10:25 | SUCCESS  | src.components.data_transformation:90 - X_train and X_test dataframes transformation complete
2025-02-18 17:10:25 | INFO     | src.components.model_trainer:60 - Selecting model based on cross_val_score...
2025-02-18 17:11:16 | SUCCESS  | src.components.model_trainer:103 - Model selection based on cross_val_score on training dataset completed
2025-02-18 17:11:57 | INFO     | src.config:11 - PROJ_ROOT path is: /Users/aseemshrivastava/Documents/Coding/Project Repositories/germany_apartment_rent_prediction
2025-02-18 17:11:58 | INFO     | src.components.data_ingestion:50 - Data ingestion started...
2025-02-18 17:12:01 | SUCCESS  | src.components.data_ingestion:42 - Zipped data ingestion complete.
2025-02-18 17:12:01 | INFO     | src.components.data_splitter:181 - Splitting data using the selected strategy...
2025-02-18 17:12:01 | SUCCESS  | src.components.data_splitter:82 - Simple splitting of data complete
2025-02-18 17:12:01 | INFO     | src.components.data_transformation:33 - X_train and X_test dataframes transformation started...
2025-02-18 17:12:01 | INFO     | src.components.data_transformation:79 - Saved preprocessing object.
2025-02-18 17:12:01 | SUCCESS  | src.components.data_transformation:90 - X_train and X_test dataframes transformation complete
2025-02-18 17:12:01 | INFO     | src.components.model_trainer:60 - Selecting model based on cross_val_score...
2025-02-18 17:12:53 | SUCCESS  | src.components.model_trainer:103 - Model selection based on cross_val_score on training dataset completed
2025-02-18 17:12:53 | INFO     | src.components.model_trainer:117 - Hyperparameter tuning the XGBRegressor model...
2025-02-18 17:16:48 | SUCCESS  | src.components.model_trainer:205 - Hyperparameter-tuned XGBRegressor model saved
2025-02-18 17:42:52 | INFO     | src.config:11 - PROJ_ROOT path is: /Users/aseemshrivastava/Documents/Coding/Project Repositories/germany_apartment_rent_prediction
2025-02-18 17:43:00 | INFO     | src.components.data_ingestion:50 - Data ingestion started...
2025-02-18 17:43:02 | SUCCESS  | src.components.data_ingestion:42 - Zipped data ingestion complete.
2025-02-18 17:43:02 | INFO     | src.components.data_splitter:181 - Splitting data using the selected strategy...
2025-02-18 17:43:02 | SUCCESS  | src.components.data_splitter:82 - Simple splitting of data complete
2025-02-18 17:43:02 | INFO     | src.components.data_transformation:33 - X_train and X_test dataframes transformation started...
2025-02-18 17:43:03 | INFO     | src.components.data_transformation:79 - Saved preprocessing object.
2025-02-18 17:43:03 | SUCCESS  | src.components.data_transformation:90 - X_train and X_test dataframes transformation complete
2025-02-18 17:43:03 | INFO     | src.components.model_trainer:60 - Selecting model based on cross_val_score...
2025-02-18 17:43:54 | SUCCESS  | src.components.model_trainer:103 - Model selection based on cross_val_score on training dataset completed
2025-02-18 17:43:54 | INFO     | src.components.model_trainer:117 - Hyperparameter tuning the XGBRegressor model...
2025-02-18 17:47:52 | SUCCESS  | src.components.model_trainer:205 - Hyperparameter-tuned XGBRegressor model saved
2025-02-18 18:02:44 | INFO     | src.config:11 - PROJ_ROOT path is: /Users/aseemshrivastava/Documents/Coding/Project Repositories/germany_apartment_rent_prediction
2025-02-18 18:02:44 | INFO     | src.components.data_ingestion:50 - Data ingestion started...
2025-02-18 18:02:47 | SUCCESS  | src.components.data_ingestion:42 - Zipped data ingestion complete.
2025-02-18 18:02:47 | INFO     | src.components.data_splitter:181 - Splitting data using the selected strategy...
2025-02-18 18:02:47 | SUCCESS  | src.components.data_splitter:82 - Simple splitting of data complete
2025-02-18 18:02:47 | INFO     | src.components.data_transformation:33 - X_train and X_test dataframes transformation started...
2025-02-18 18:02:47 | INFO     | src.components.data_transformation:79 - Saved preprocessing object.
2025-02-18 18:02:47 | SUCCESS  | src.components.data_transformation:90 - X_train and X_test dataframes transformation complete
2025-02-18 18:02:47 | INFO     | src.components.model_trainer:60 - Selecting model based on cross_val_score...
2025-02-18 18:03:39 | SUCCESS  | src.components.model_trainer:103 - Model selection based on cross_val_score on training dataset completed
2025-02-18 18:05:49 | INFO     | src.config:11 - PROJ_ROOT path is: /Users/aseemshrivastava/Documents/Coding/Project Repositories/germany_apartment_rent_prediction
2025-02-18 18:05:50 | INFO     | src.components.data_ingestion:50 - Data ingestion started...
2025-02-18 18:05:52 | SUCCESS  | src.components.data_ingestion:42 - Zipped data ingestion complete.
2025-02-18 18:05:52 | INFO     | src.components.data_splitter:181 - Splitting data using the selected strategy...
2025-02-18 18:05:52 | SUCCESS  | src.components.data_splitter:82 - Simple splitting of data complete
2025-02-18 18:05:52 | INFO     | src.components.data_transformation:33 - X_train and X_test dataframes transformation started...
2025-02-18 18:05:53 | INFO     | src.components.data_transformation:79 - Saved preprocessing object.
2025-02-18 18:05:53 | SUCCESS  | src.components.data_transformation:90 - X_train and X_test dataframes transformation complete
2025-02-18 18:05:53 | INFO     | src.components.model_trainer:60 - Selecting model based on cross_val_score...
2025-02-18 18:06:44 | SUCCESS  | src.components.model_trainer:103 - Model selection based on cross_val_score on training dataset completed
2025-02-18 18:06:45 | INFO     | src.components.model_trainer:117 - Hyperparameter tuning the XGBRegressor model...
2025-02-18 18:10:43 | SUCCESS  | src.components.model_trainer:205 - Hyperparameter-tuned XGBRegressor model saved
